0 info it worked if it ends with ok
1 verbose cli [ '/usr/bin/node', '/usr/bin/npm', 'run', 'servar' ]
2 info using npm@3.5.2
3 info using node@v8.10.0
4 verbose run-script [ 'preservar', 'servar', 'postservar' ]
5 info lifecycle www@1.0.0~preservar: www@1.0.0
6 silly lifecycle www@1.0.0~preservar: no script for preservar, continuing
7 info lifecycle www@1.0.0~servar: www@1.0.0
8 verbose lifecycle www@1.0.0~servar: unsafe-perm in lifecycle true
9 verbose lifecycle www@1.0.0~servar: PATH: /usr/share/npm/bin/node-gyp-bin:/home/emad/Desktop/week9/assmantweek9/Week-9-Assessment/node_modules/.bin:/usr/local/sbin:/usr/local/bin:/usr/sbin:/usr/bin:/sbin:/bin:/usr/games:/usr/local/games:/snap/bin
10 verbose lifecycle www@1.0.0~servar: CWD: /home/emad/Desktop/week9/assmantweek9/Week-9-Assessment
11 silly lifecycle www@1.0.0~servar: Args: [ '-c', 'nodmon index.js' ]
12 info lifecycle www@1.0.0~servar: Failed to exec servar script
13 verbose stack Error: www@1.0.0 servar: `nodmon index.js`
13 verbose stack spawn ENOENT
13 verbose stack     at ChildProcess.<anonymous> (/usr/share/npm/lib/utils/spawn.js:17:16)
13 verbose stack     at emitTwo (events.js:126:13)
13 verbose stack     at ChildProcess.emit (events.js:214:7)
13 verbose stack     at maybeClose (internal/child_process.js:925:16)
13 verbose stack     at Process.ChildProcess._handle.onexit (internal/child_process.js:209:5)
14 verbose pkgid www@1.0.0
15 verbose cwd /home/emad/Desktop/week9/assmantweek9/Week-9-Assessment
16 error Linux 5.0.0-23-generic
17 error argv "/usr/bin/node" "/usr/bin/npm" "run" "servar"
18 error node v8.10.0
19 error npm  v3.5.2
20 error file sh
21 error code ELIFECYCLE
22 error errno ENOENT
23 error syscall spawn
24 error www@1.0.0 servar: `nodmon index.js`
24 error spawn ENOENT
25 error Failed at the www@1.0.0 servar script 'nodmon index.js'.
25 error Make sure you have the latest version of node.js and npm installed.
25 error If you do, this is most likely a problem with the www package,
25 error not with npm itself.
25 error Tell the author that this fails on your system:
25 error     nodmon index.js
25 error You can get information on how to open an issue for this project with:
25 error     npm bugs www
25 error Or if that isn't available, you can get their info via:
25 error     npm owner ls www
25 error There is likely additional logging output above.
26 verbose exit [ 1, true ]
